#
# There is insufficient memory for the Java Runtime Environment to continue.
# Native memory allocation (malloc) failed to allocate 42592 bytes for Chunk::new
# Possible reasons:
#   The system is out of physical RAM or swap space
#   The process is running with CompressedOops enabled, and the Java Heap may be blocking the growth of the native heap
# Possible solutions:
#   Reduce memory load on the system
#   Increase physical memory or swap space
#   Check if swap backing store is full
#   Decrease Java heap size (-Xmx/-Xms)
#   Decrease number of Java threads
#   Decrease Java thread stack sizes (-Xss)
#   Set larger code cache with -XX:ReservedCodeCacheSize=
#   JVM is running with Unscaled Compressed Oops mode in which the Java heap is
#     placed in the first 4GB address space. The Java Heap base address is the
#     maximum limit for the native heap growth. Please use -XX:HeapBaseMinAddress
#     to set the Java Heap base and to place the Java Heap above 4GB virtual address.
# This output file may be truncated or incomplete.
#
#  Out of Memory Error (allocation.cpp:390), pid=16660, tid=0x0000000000004214
#
# JRE version: Java(TM) SE Runtime Environment (8.0_201-b09) (build 1.8.0_201-b09)
# Java VM: Java HotSpot(TM) 64-Bit Server VM (25.201-b09 mixed mode windows-amd64 compressed oops)
# Failed to write core dump. Minidumps are not enabled by default on client versions of Windows
#

---------------  T H R E A D  ---------------

Current thread (0x0000000002bc7800):  JavaThread "main" [_thread_in_native, id=16916, stack(0x0000000002960000,0x0000000002a60000)]

Stack: [0x0000000002960000,0x0000000002a60000]
[error occurred during error reporting (printing stack bounds), id 0xc0000005]

Native frames: (J=compiled Java code, j=interpreted, Vv=VM code, C=native code)

Java frames: (J=compiled Java code, j=interpreted, Vv=VM code)
J 591  java.lang.ClassLoader.findBootstrapClass(Ljava/lang/String;)Ljava/lang/Class; (0 bytes) @ 0x0000000002ea38cf [0x0000000002ea3880+0x4f]
J 490 C1 java.lang.ClassLoader.loadClass(Ljava/lang/String;Z)Ljava/lang/Class; (122 bytes) @ 0x0000000002e79f7c [0x0000000002e79ce0+0x29c]
J 577 C1 java.lang.ClassLoader.loadClass(Ljava/lang/String;)Ljava/lang/Class; (7 bytes) @ 0x0000000002e9c6e4 [0x0000000002e9c6a0+0x44]
j  java.util.ResourceBundle$RBClassLoader.loadClass(Ljava/lang/String;)Ljava/lang/Class;+10
j  java.util.ResourceBundle$Control.newBundle(Ljava/lang/String;Ljava/util/Locale;Ljava/lang/String;Ljava/lang/ClassLoader;Z)Ljava/util/ResourceBundle;+24
j  java.util.ResourceBundle.loadBundle(Ljava/util/ResourceBundle$CacheKey;Ljava/util/List;Ljava/util/ResourceBundle$Control;Z)Ljava/util/ResourceBundle;+54
j  java.util.ResourceBundle.findBundle(Ljava/util/ResourceBundle$CacheKey;Ljava/util/List;Ljava/util/List;ILjava/util/ResourceBundle$Control;Ljava/util/ResourceBundle;)Ljava/util/ResourceBundle;+213
j  java.util.ResourceBundle.findBundle(Ljava/util/ResourceBundle$CacheKey;Ljava/util/List;Ljava/util/List;ILjava/util/ResourceBundle$Control;Ljava/util/ResourceBundle;)Ljava/util/ResourceBundle;+37
j  java.util.ResourceBundle.getBundleImpl(Ljava/lang/String;Ljava/util/Locale;Ljava/lang/ClassLoader;Ljava/util/ResourceBundle$Control;)Ljava/util/ResourceBundle;+187
j  java.util.ResourceBundle.getBundle(Ljava/lang/String;Ljava/util/Locale;Ljava/util/ResourceBundle$Control;)Ljava/util/ResourceBundle;+9
j  sun.util.resources.LocaleData$1.run()Ljava/util/ResourceBundle;+11
j  sun.util.resources.LocaleData$1.run()Ljava/lang/Object;+1
v  ~StubRoutines::call_stub
J 986  java.security.AccessController.doPrivileged(Ljava/security/PrivilegedAction;)Ljava/lang/Object; (0 bytes) @ 0x0000000002f52412 [0x0000000002f523c0+0x52]
j  sun.util.resources.LocaleData.getBundle(Ljava/lang/String;Ljava/util/Locale;)Ljava/util/ResourceBundle;+9
j  sun.util.resources.LocaleData.getTimeZoneNames(Ljava/util/Locale;)Lsun/util/resources/TimeZoneNamesBundle;+26
j  sun.util.locale.provider.LocaleResources.getTimeZoneNames(Ljava/lang/String;)[Ljava/lang/String;+76
j  sun.util.locale.provider.TimeZoneNameProviderImpl.getDisplayNameArray(Ljava/lang/String;Ljava/util/Locale;)[Ljava/lang/String;+22
j  sun.util.locale.provider.TimeZoneNameProviderImpl.getDisplayName(Ljava/lang/String;ZILjava/util/Locale;)Ljava/lang/String;+4
j  sun.util.locale.provider.TimeZoneNameUtility$TimeZoneNameGetter.getName(Ljava/util/spi/TimeZoneNameProvider;Ljava/util/Locale;Ljava/lang/String;ILjava/lang/String;)Ljava/lang/String;+126
j  sun.util.locale.provider.TimeZoneNameUtility$TimeZoneNameGetter.getObject(Ljava/util/spi/TimeZoneNameProvider;Ljava/util/Locale;Ljava/lang/String;[Ljava/lang/Object;)Ljava/lang/String;+49
j  sun.util.locale.provider.TimeZoneNameUtility$TimeZoneNameGetter.getObject(Ljava/util/spi/LocaleServiceProvider;Ljava/util/Locale;Ljava/lang/String;[Ljava/lang/Object;)Ljava/lang/Object;+9
j  sun.util.locale.provider.LocaleServiceProviderPool.getLocalizedObjectImpl(Lsun/util/locale/provider/LocaleServiceProviderPool$LocalizedObjectGetter;Ljava/util/Locale;ZLjava/lang/String;[Ljava/lang/Object;)Ljava/lang/Object;+40
j  sun.util.locale.provider.LocaleServiceProviderPool.getLocalizedObject(Lsun/util/locale/provider/LocaleServiceProviderPool$LocalizedObjectGetter;Ljava/util/Locale;Ljava/lang/String;[Ljava/lang/Object;)Ljava/lang/Object;+7
j  sun.util.locale.provider.TimeZoneNameUtility.retrieveDisplayNamesImpl(Ljava/lang/String;Ljava/util/Locale;)[Ljava/lang/String;+140
j  sun.util.locale.provider.TimeZoneNameUtility.retrieveDisplayName(Ljava/lang/String;ZILjava/util/Locale;)Ljava/lang/String;+2
j  java.util.TimeZone.getDisplayName(ZILjava/util/Locale;)Ljava/lang/String;+47
j  java.util.Date.toString()Ljava/lang/String;+150
J 944 C1 java.lang.StringBuilder.append(Ljava/lang/Object;)Ljava/lang/StringBuilder; (9 bytes) @ 0x0000000002f3f25c [0x0000000002f3f200+0x5c]
j  org.springframework.context.support.AbstractApplicationContext.toString()Ljava/lang/String;+30
J 944 C1 java.lang.StringBuilder.append(Ljava/lang/Object;)Ljava/lang/StringBuilder; (9 bytes) @ 0x0000000002f3f25c [0x0000000002f3f200+0x5c]
j  org.springframework.context.support.AbstractApplicationContext.getApplicationEventMulticaster()Lorg/springframework/context/event/ApplicationEventMulticaster;+24
j  org.springframework.context.support.ApplicationListenerDetector.postProcessBeforeDestruction(Ljava/lang/Object;Ljava/lang/String;)V+11
j  org.springframework.beans.factory.support.DisposableBeanAdapter.destroy()V+48
j  org.springframework.beans.factory.support.DefaultSingletonBeanRegistry.destroyBean(Ljava/lang/String;Lorg/springframework/beans/factory/DisposableBean;)V+133
j  org.springframework.beans.factory.support.DefaultSingletonBeanRegistry.destroySingleton(Ljava/lang/String;)V+41
j  org.springframework.beans.factory.support.DefaultListableBeanFactory.destroySingleton(Ljava/lang/String;)V+2
j  org.springframework.beans.factory.support.DefaultSingletonBeanRegistry.destroySingletons()V+105
j  org.springframework.beans.factory.support.DefaultListableBeanFactory.destroySingletons()V+1
j  org.springframework.context.support.AbstractApplicationContext.destroyBeans()V+4
j  org.springframework.context.support.AbstractApplicationContext.refresh()V+110
j  org.springframework.boot.web.servlet.context.ServletWebServerApplicationContext.refresh()V+1
j  org.springframework.boot.SpringApplication.refresh(Lorg/springframework/context/ApplicationContext;)V+10
j  org.springframework.boot.SpringApplication.refreshContext(Lorg/springframework/context/ConfigurableApplicationContext;)V+2
j  org.springframework.boot.SpringApplication.run([Ljava/lang/String;)Lorg/springframework/context/ConfigurableApplicationContext;+118
j  org.springframework.boot.SpringApplication.run([Ljava/lang/Class;[Ljava/lang/String;)Lorg/springframework/context/ConfigurableApplicationContext;+9
j  org.springframework.boot.SpringApplication.run(Ljava/lang/Class;[Ljava/lang/String;)Lorg/springframework/context/ConfigurableApplicationContext;+9
j  com.projectteamviewer.ProjectTeamViewer.ProjectTeamViewerApplication.main([Ljava/lang/String;)V+3
v  ~StubRoutines::call_stub

---------------  P R O C E S S  ---------------

Java Threads: ( => current thread )
  0x0000000017802800 JavaThread "RMI TCP Accept-0" daemon [_thread_in_native, id=17288, stack(0x0000000017e40000,0x0000000017f40000)]
  0x0000000016c94800 JavaThread "Service Thread" daemon [_thread_blocked, id=16896, stack(0x0000000017200000,0x0000000017300000)]
  0x0000000016bba800 JavaThread "C1 CompilerThread2" daemon [_thread_blocked, id=15536, stack(0x0000000017000000,0x0000000017100000)]
  0x0000000016bb9000 JavaThread "C2 CompilerThread1" daemon [_thread_blocked, id=16504, stack(0x0000000016f00000,0x0000000017000000)]
  0x0000000016c01800 JavaThread "C2 CompilerThread0" daemon [_thread_blocked, id=16500, stack(0x0000000016e00000,0x0000000016f00000)]
  0x0000000016ba1800 JavaThread "Monitor Ctrl-Break" daemon [_thread_in_native, id=16508, stack(0x0000000016d00000,0x0000000016e00000)]
  0x00000000152b0800 JavaThread "Attach Listener" daemon [_thread_blocked, id=15696, stack(0x0000000016800000,0x0000000016900000)]
  0x00000000152af000 JavaThread "Signal Dispatcher" daemon [_thread_blocked, id=15416, stack(0x0000000016700000,0x0000000016800000)]
  0x0000000002cba800 JavaThread "Finalizer" daemon [_thread_blocked, id=7652, stack(0x00000000164f0000,0x00000000165f0000)]
  0x0000000002cb7000 JavaThread "Reference Handler" daemon [_thread_blocked, id=15056, stack(0x00000000163f0000,0x00000000164f0000)]
=>0x0000000002bc7800 JavaThread "main" [_thread_in_native, id=16916, stack(0x0000000002960000,0x0000000002a60000)]

Other Threads:
  0x0000000015267800 VMThread [stack: 0x00000000162f0000,0x00000000163f0000] [id=2956]
  0x000000001780d800 WatcherThread [stack: 0x0000000017f40000,0x0000000018040000] [id=17384]

VM state:not at safepoint (normal execution)

VM Mutex/Monitor currently owned by a thread: None

OutOfMemory and StackOverflow Exception counts:
OutOfMemoryError java_heap_errors=3

heap address: 0x00000000c1a00000, size: 998 MB, Compressed Oops mode: 32-bit
Narrow klass base: 0x0000000000000000, Narrow klass shift: 3
Compressed class space size: 1073741824 Address: 0x0000000100000000

Heap:
 PSYoungGen      total 54784K, used 35340K [0x00000000eb380000, 0x00000000ef080000, 0x0000000100000000)
  eden space 49152K, 63% used [0x00000000eb380000,0x00000000ed210540,0x00000000ee380000)
  from space 5632K, 71% used [0x00000000eeb00000,0x00000000eeef2da0,0x00000000ef080000)
  to   space 6656K, 0% used [0x00000000ee380000,0x00000000ee380000,0x00000000eea00000)
 ParOldGen       total 28672K, used 7120K [0x00000000c1a00000, 0x00000000c3600000, 0x00000000eb380000)
  object space 28672K, 24% used [0x00000000c1a00000,0x00000000c20f43d8,0x00000000c3600000)
 Metaspace       used 25374K, capacity 26232K, committed 26496K, reserved 1073152K
  class space    used 3446K, capacity 3668K, committed 3712K, reserved 1048576K

Card table byte_map: [0x0000000012080000,0x0000000012280000] byte_map_base: 0x0000000011a73000

Marking Bits: (ParMarkBitMap*) 0x00000000687e4ce0
 Begin Bits: [0x00000000127d0000, 0x0000000013768000)
 End Bits:   [0x0000000013768000, 0x0000000014700000)

Polling page: 0x0000000000b90000

CodeCache: size=245760Kb used=5614Kb max_used=5614Kb free=240145Kb
 bounds [0x0000000002cc0000, 0x0000000003240000, 0x0000000011cc0000]
 total_blobs=2957 nmethods=2546 adapters=322
 compilation: enabled

Compilation events (10 events):
Event: 16.360 Thread 0x0000000016bba800 2543       1       org.springframework.core.annotation.AnnotatedElementUtils::searchWithGetSemantics (22 bytes)
Event: 16.361 Thread 0x0000000016bba800 nmethod 2543 0x0000000003239a90 code [0x0000000003239c00, 0x0000000003239da8]
Event: 16.361 Thread 0x0000000016bba800 2544   !   1       org.springframework.core.annotation.AnnotatedElementUtils::searchWithGetSemantics (54 bytes)
Event: 16.361 Thread 0x0000000016bba800 nmethod 2544 0x0000000003239e50 code [0x000000000323a020, 0x000000000323a638]
Event: 16.361 Thread 0x0000000016bba800 2546   !   1       com.sun.proxy.$Proxy25::annotationType (29 bytes)
Event: 16.362 Thread 0x0000000016bba800 nmethod 2546 0x000000000323aad0 code [0x000000000323ac40, 0x000000000323ae58]
Event: 16.362 Thread 0x0000000016bba800 2545   !   1       org.springframework.util.ClassUtils::getMostSpecificMethod (72 bytes)
Event: 16.364 Thread 0x0000000016bba800 nmethod 2545 0x000000000323af90 code [0x000000000323b140, 0x000000000323b448]
Event: 16.371 Thread 0x0000000016bba800 2547       1       java.util.concurrent.ConcurrentHashMap$BaseIterator::hasNext (13 bytes)
Event: 16.371 Thread 0x0000000016bba800 nmethod 2547 0x000000000323b710 code [0x000000000323b860, 0x000000000323b990]

GC Heap History (10 events):
Event: 14.039 GC heap before
{Heap before GC invocations=7 (full 0):
 PSYoungGen      total 35328K, used 8188K [0x00000000eb380000, 0x00000000ed880000, 0x0000000100000000)
  eden space 32768K, 17% used [0x00000000eb380000,0x00000000eb8ff140,0x00000000ed380000)
  from space 2560K, 100% used [0x00000000ed600000,0x00000000ed880000,0x00000000ed880000)
  to   space 2560K, 0% used [0x00000000ed380000,0x00000000ed380000,0x00000000ed600000)
 ParOldGen       total 44032K, used 10854K [0x00000000c1a00000, 0x00000000c4500000, 0x00000000eb380000)
  object space 44032K, 24% used [0x00000000c1a00000,0x00000000c2499970,0x00000000c4500000)
 Metaspace       used 20712K, capacity 21222K, committed 21296K, reserved 1067008K
  class space    used 2749K, capacity 2895K, committed 2944K, reserved 1048576K
Event: 14.047 GC heap after
Heap after GC invocations=7 (full 0):
 PSYoungGen      total 35328K, used 1992K [0x00000000eb380000, 0x00000000ed880000, 0x0000000100000000)
  eden space 32768K, 0% used [0x00000000eb380000,0x00000000eb380000,0x00000000ed380000)
  from space 2560K, 77% used [0x00000000ed380000,0x00000000ed572388,0x00000000ed600000)
  to   space 2560K, 0% used [0x00000000ed600000,0x00000000ed600000,0x00000000ed880000)
 ParOldGen       total 44032K, used 11953K [0x00000000c1a00000, 0x00000000c4500000, 0x00000000eb380000)
  object space 44032K, 27% used [0x00000000c1a00000,0x00000000c25ac760,0x00000000c4500000)
 Metaspace       used 20712K, capacity 21222K, committed 21296K, reserved 1067008K
  class space    used 2749K, capacity 2895K, committed 2944K, reserved 1048576K
}
Event: 14.047 GC heap before
{Heap before GC invocations=8 (full 1):
 PSYoungGen      total 35328K, used 1992K [0x00000000eb380000, 0x00000000ed880000, 0x0000000100000000)
  eden space 32768K, 0% used [0x00000000eb380000,0x00000000eb380000,0x00000000ed380000)
  from space 2560K, 77% used [0x00000000ed380000,0x00000000ed572388,0x00000000ed600000)
  to   space 2560K, 0% used [0x00000000ed600000,0x00000000ed600000,0x00000000ed880000)
 ParOldGen       total 44032K, used 11953K [0x00000000c1a00000, 0x00000000c4500000, 0x00000000eb380000)
  object space 44032K, 27% used [0x00000000c1a00000,0x00000000c25ac760,0x00000000c4500000)
 Metaspace       used 20712K, capacity 21222K, committed 21296K, reserved 1067008K
  class space    used 2749K, capacity 2895K, committed 2944K, reserved 1048576K
Event: 14.132 GC heap after
Heap after GC invocations=8 (full 1):
 PSYoungGen      total 35328K, used 0K [0x00000000eb380000, 0x00000000ed880000, 0x0000000100000000)
  eden space 32768K, 0% used [0x00000000eb380000,0x00000000eb380000,0x00000000ed380000)
  from space 2560K, 0% used [0x00000000ed380000,0x00000000ed380000,0x00000000ed600000)
  to   space 2560K, 0% used [0x00000000ed600000,0x00000000ed600000,0x00000000ed880000)
 ParOldGen       total 28672K, used 5521K [0x00000000c1a00000, 0x00000000c3600000, 0x00000000eb380000)
  object space 28672K, 19% used [0x00000000c1a00000,0x00000000c1f64608,0x00000000c3600000)
 Metaspace       used 20712K, capacity 21222K, committed 21296K, reserved 1067008K
  class space    used 2749K, capacity 2895K, committed 2944K, reserved 1048576K
}
Event: 14.764 GC heap before
{Heap before GC invocations=9 (full 1):
 PSYoungGen      total 35328K, used 32753K [0x00000000eb380000, 0x00000000ed880000, 0x0000000100000000)
  eden space 32768K, 99% used [0x00000000eb380000,0x00000000ed37c638,0x00000000ed380000)
  from space 2560K, 0% used [0x00000000ed380000,0x00000000ed380000,0x00000000ed600000)
  to   space 2560K, 0% used [0x00000000ed600000,0x00000000ed600000,0x00000000ed880000)
 ParOldGen       total 28672K, used 5521K [0x00000000c1a00000, 0x00000000c3600000, 0x00000000eb380000)
  object space 28672K, 19% used [0x00000000c1a00000,0x00000000c1f64608,0x00000000c3600000)
 Metaspace       used 21662K, capacity 22316K, committed 22656K, reserved 1069056K
  class space    used 2892K, capacity 3100K, committed 3200K, reserved 1048576K
Event: 14.772 GC heap after
Heap after GC invocations=9 (full 1):
 PSYoungGen      total 35328K, used 2552K [0x00000000eb380000, 0x00000000ed880000, 0x0000000100000000)
  eden space 32768K, 0% used [0x00000000eb380000,0x00000000eb380000,0x00000000ed380000)
  from space 2560K, 99% used [0x00000000ed600000,0x00000000ed87e240,0x00000000ed880000)
  to   space 2560K, 0% used [0x00000000ed380000,0x00000000ed380000,0x00000000ed600000)
 ParOldGen       total 28672K, used 5631K [0x00000000c1a00000, 0x00000000c3600000, 0x00000000eb380000)
  object space 28672K, 19% used [0x00000000c1a00000,0x00000000c1f7fe50,0x00000000c3600000)
 Metaspace       used 21662K, capacity 22316K, committed 22656K, reserved 1069056K
  class space    used 2892K, capacity 3100K, committed 3200K, reserved 1048576K
}
Event: 15.010 GC heap before
{Heap before GC invocations=10 (full 1):
 PSYoungGen      total 35328K, used 35320K [0x00000000eb380000, 0x00000000ed880000, 0x0000000100000000)
  eden space 32768K, 100% used [0x00000000eb380000,0x00000000ed380000,0x00000000ed380000)
  from space 2560K, 99% used [0x00000000ed600000,0x00000000ed87e240,0x00000000ed880000)
  to   space 2560K, 0% used [0x00000000ed380000,0x00000000ed380000,0x00000000ed600000)
 ParOldGen       total 28672K, used 5631K [0x00000000c1a00000, 0x00000000c3600000, 0x00000000eb380000)
  object space 28672K, 19% used [0x00000000c1a00000,0x00000000c1f7fe50,0x00000000c3600000)
 Metaspace       used 21772K, capacity 22450K, committed 22656K, reserved 1069056K
  class space    used 2908K, capacity 3101K, committed 3200K, reserved 1048576K
Event: 15.016 GC heap after
Heap after GC invocations=10 (full 1):
 PSYoungGen      total 35328K, used 2288K [0x00000000eb380000, 0x00000000ef200000, 0x0000000100000000)
  eden space 32768K, 0% used [0x00000000eb380000,0x00000000eb380000,0x00000000ed380000)
  from space 2560K, 89% used [0x00000000ed380000,0x00000000ed5bc338,0x00000000ed600000)
  to   space 7168K, 0% used [0x00000000eeb00000,0x00000000eeb00000,0x00000000ef200000)
 ParOldGen       total 28672K, used 5703K [0x00000000c1a00000, 0x00000000c3600000, 0x00000000eb380000)
  object space 28672K, 19% used [0x00000000c1a00000,0x00000000c1f91e60,0x00000000c3600000)
 Metaspace       used 21772K, capacity 22450K, committed 22656K, reserved 1069056K
  class space    used 2908K, capacity 3101K, committed 3200K, reserved 1048576K
}
Event: 15.858 GC heap before
{Heap before GC invocations=11 (full 1):
 PSYoungGen      total 35328K, used 35056K [0x00000000eb380000, 0x00000000ef200000, 0x0000000100000000)
  eden space 32768K, 100% used [0x00000000eb380000,0x00000000ed380000,0x00000000ed380000)
  from space 2560K, 89% used [0x00000000ed380000,0x00000000ed5bc338,0x00000000ed600000)
  to   space 7168K, 0% used [0x00000000eeb00000,0x00000000eeb00000,0x00000000ef200000)
 ParOldGen       total 28672K, used 5703K [0x00000000c1a00000, 0x00000000c3600000, 0x00000000eb380000)
  object space 28672K, 19% used [0x00000000c1a00000,0x00000000c1f91e60,0x00000000c3600000)
 Metaspace       used 23605K, capacity 24382K, committed 24448K, reserved 1071104K
  class space    used 3197K, capacity 3417K, committed 3456K, reserved 1048576K
Event: 15.868 GC heap after
Heap after GC invocations=11 (full 1):
 PSYoungGen      total 54784K, used 4043K [0x00000000eb380000, 0x00000000ef080000, 0x0000000100000000)
  eden space 49152K, 0% used [0x00000000eb380000,0x00000000eb380000,0x00000000ee380000)
  from space 5632K, 71% used [0x00000000eeb00000,0x00000000eeef2da0,0x00000000ef080000)
  to   space 6656K, 0% used [0x00000000ee380000,0x00000000ee380000,0x00000000eea00000)
 ParOldGen       total 28672K, used 7120K [0x00000000c1a00000, 0x00000000c3600000, 0x00000000eb380000)
  object space 28672K, 24% used [0x00000000c1a00000,0x00000000c20f43d8,0x00000000c3600000)
 Metaspace       used 23605K, capacity 24382K, committed 24448K, reserved 1071104K
  class space    used 3197K, capacity 3417K, committed 3456K, reserved 1048576K
}

Deoptimization events (0 events):
No events

Classes redefined (0 events):
No events

Internal exceptions (10 events):
Event: 16.328 Thread 0x0000000002bc7800 Exception <a 'java/lang/ArrayIndexOutOfBoundsException'> (0x00000000ecf11578) thrown at [C:\re\workspace\8-2-build-windows-amd64-cygwin\jdk8u201\12322\hotspot\src\share\vm\runtime\sharedRuntime.cpp, line 605]
Event: 16.329 Thread 0x0000000002bc7800 Exception <a 'java/lang/ArrayIndexOutOfBoundsException'> (0x00000000ecf13428) thrown at [C:\re\workspace\8-2-build-windows-amd64-cygwin\jdk8u201\12322\hotspot\src\share\vm\runtime\sharedRuntime.cpp, line 605]
Event: 16.329 Thread 0x0000000002bc7800 Exception <a 'java/lang/ArrayIndexOutOfBoundsException'> (0x00000000ecf14930) thrown at [C:\re\workspace\8-2-build-windows-amd64-cygwin\jdk8u201\12322\hotspot\src\share\vm\runtime\sharedRuntime.cpp, line 605]
Event: 16.329 Thread 0x0000000002bc7800 Exception <a 'java/lang/ArrayIndexOutOfBoundsException'> (0x00000000ecf160f8) thrown at [C:\re\workspace\8-2-build-windows-amd64-cygwin\jdk8u201\12322\hotspot\src\share\vm\runtime\sharedRuntime.cpp, line 605]
Event: 16.329 Thread 0x0000000002bc7800 Exception <a 'java/lang/ArrayIndexOutOfBoundsException'> (0x00000000ecf18730) thrown at [C:\re\workspace\8-2-build-windows-amd64-cygwin\jdk8u201\12322\hotspot\src\share\vm\runtime\sharedRuntime.cpp, line 605]
Event: 16.367 Thread 0x0000000002bc7800 Exception <a 'java/lang/ArrayIndexOutOfBoundsException'> (0x00000000ed1bc408) thrown at [C:\re\workspace\8-2-build-windows-amd64-cygwin\jdk8u201\12322\hotspot\src\share\vm\runtime\sharedRuntime.cpp, line 605]
Event: 16.369 Thread 0x0000000002bc7800 Exception <a 'java/lang/OutOfMemoryError'> (0x00000000ed1e3d38) thrown at [C:\re\workspace\8-2-build-windows-amd64-cygwin\jdk8u201\12322\hotspot\src\share\vm\prims\jni.cpp, line 735]
Event: 16.369 Thread 0x0000000002bc7800 Exception <a 'java/lang/OutOfMemoryError'> (0x00000000ed1e3d38) thrown at [C:\re\workspace\8-2-build-windows-amd64-cygwin\jdk8u201\12322\hotspot\src\share\vm\prims\jvm.cpp, line 1506]
Event: 16.369 Thread 0x0000000002bc7800 Exception <a 'java/lang/OutOfMemoryError'> (0x00000000ed1e3d38) thrown at [C:\re\workspace\8-2-build-windows-amd64-cygwin\jdk8u201\12322\hotspot\src\share\vm\prims\jvm.cpp, line 1506]
Event: 16.369 Thread 0x0000000002bc7800 Exception <a 'java/lang/reflect/InvocationTargetException'> (0x00000000ed1e4560) thrown at [C:\re\workspace\8-2-build-windows-amd64-cygwin\jdk8u201\12322\hotspot\src\share\vm\runtime\reflection.cpp, line 1092]

Events (10 events):
Event: 16.370 loading class org/springframework/beans/BeanInstantiationException done
Event: 16.370 loading class org/springframework/core/NestedExceptionUtils
Event: 16.370 loading class org/springframework/core/NestedExceptionUtils done
Event: 16.372 loading class sun/util/locale/provider/TimeZoneNameUtility
Event: 16.372 loading class sun/util/locale/provider/TimeZoneNameUtility done
Event: 16.372 loading class sun/util/locale/provider/TimeZoneNameProviderImpl
Event: 16.373 loading class sun/util/locale/provider/TimeZoneNameProviderImpl done
Event: 16.373 loading class sun/util/locale/provider/TimeZoneNameUtility$TimeZoneNameGetter
Event: 16.373 loading class sun/util/locale/provider/TimeZoneNameUtility$TimeZoneNameGetter done
Event: 16.373 loading class sun/util/resources/TimeZoneNames


Dynamic libraries:
0x00007ff772a00000 - 0x00007ff772a37000 	C:\Program Files\Java\jdk1.8.0_201\bin\java.exe
0x00007ff852620000 - 0x00007ff852801000 	C:\WINDOWS\SYSTEM32\ntdll.dll
0x00007ff8517f0000 - 0x00007ff8518a1000 	C:\WINDOWS\System32\KERNEL32.DLL
0x00007ff84eaf0000 - 0x00007ff84ed63000 	C:\WINDOWS\System32\KERNELBASE.dll
0x00007ff84ff30000 - 0x00007ff84ffd1000 	C:\WINDOWS\System32\ADVAPI32.dll
0x00007ff8515f0000 - 0x00007ff85168e000 	C:\WINDOWS\System32\msvcrt.dll
0x00007ff852390000 - 0x00007ff8523eb000 	C:\WINDOWS\System32\sechost.dll
0x00007ff852260000 - 0x00007ff852384000 	C:\WINDOWS\System32\RPCRT4.dll
0x00007ff852420000 - 0x00007ff8525b0000 	C:\WINDOWS\System32\USER32.dll
0x00007ff84f580000 - 0x00007ff84f5a0000 	C:\WINDOWS\System32\win32u.dll
0x00007ff8525b0000 - 0x00007ff8525d8000 	C:\WINDOWS\System32\GDI32.dll
0x00007ff84f6a0000 - 0x00007ff84f832000 	C:\WINDOWS\System32\gdi32full.dll
0x00007ff84f5a0000 - 0x00007ff84f63f000 	C:\WINDOWS\System32\msvcp_win.dll
0x00007ff84e9f0000 - 0x00007ff84eae8000 	C:\WINDOWS\System32\ucrtbase.dll
0x00007ff846410000 - 0x00007ff846679000 	C:\WINDOWS\WinSxS\amd64_microsoft.windows.common-controls_6595b64144ccf1df_6.0.17134.706_none_fb43a2cb30647007\COMCTL32.dll
0x00007ff84fc00000 - 0x00007ff84ff22000 	C:\WINDOWS\System32\combase.dll
0x00007ff84fa30000 - 0x00007ff84faaa000 	C:\WINDOWS\System32\bcryptPrimitives.dll
0x00007ff8515c0000 - 0x00007ff8515ed000 	C:\WINDOWS\System32\IMM32.DLL
0x000000006be40000 - 0x000000006bf11000 	C:\Program Files\Java\jdk1.8.0_201\jre\bin\msvcr100.dll
0x0000000067fc0000 - 0x0000000068864000 	C:\Program Files\Java\jdk1.8.0_201\jre\bin\server\jvm.dll
0x00007ff8525e0000 - 0x00007ff8525e8000 	C:\WINDOWS\System32\PSAPI.DLL
0x00007ff8449b0000 - 0x00007ff8449b9000 	C:\WINDOWS\SYSTEM32\WSOCK32.dll
0x00007ff851a30000 - 0x00007ff851a9c000 	C:\WINDOWS\System32\WS2_32.dll
0x00007ff845a00000 - 0x00007ff845a23000 	C:\WINDOWS\SYSTEM32\WINMM.dll
0x00007ff8457f0000 - 0x00007ff8457fa000 	C:\WINDOWS\SYSTEM32\VERSION.dll
0x00007ff8459d0000 - 0x00007ff8459fa000 	C:\WINDOWS\SYSTEM32\WINMMBASE.dll
0x00007ff84ee20000 - 0x00007ff84ee69000 	C:\WINDOWS\System32\cfgmgr32.dll
0x00007ff84b580000 - 0x00007ff84b58f000 	C:\Program Files\Java\jdk1.8.0_201\jre\bin\verify.dll
0x00007ff84b4d0000 - 0x00007ff84b4f9000 	C:\Program Files\Java\jdk1.8.0_201\jre\bin\java.dll
0x00007ff849940000 - 0x00007ff849963000 	C:\Program Files\Java\jdk1.8.0_201\jre\bin\instrument.dll
0x00007ff849fe0000 - 0x00007ff849ff6000 	C:\Program Files\Java\jdk1.8.0_201\jre\bin\zip.dll
0x00007ff8500c0000 - 0x00007ff851500000 	C:\WINDOWS\System32\SHELL32.dll
0x00007ff851500000 - 0x00007ff8515a9000 	C:\WINDOWS\System32\shcore.dll
0x00007ff84ee70000 - 0x00007ff84f57d000 	C:\WINDOWS\System32\windows.storage.dll
0x00007ff850060000 - 0x00007ff8500b1000 	C:\WINDOWS\System32\shlwapi.dll
0x00007ff84e9d0000 - 0x00007ff84e9e1000 	C:\WINDOWS\System32\kernel.appcore.dll
0x00007ff84e9b0000 - 0x00007ff84e9cf000 	C:\WINDOWS\System32\profapi.dll
0x00007ff84e930000 - 0x00007ff84e97c000 	C:\WINDOWS\System32\powrprof.dll
0x00007ff84e980000 - 0x00007ff84e98a000 	C:\WINDOWS\System32\FLTLIB.DLL
0x00007ff845a30000 - 0x00007ff845a4a000 	C:\Program Files\JetBrains\IntelliJ IDEA 2019.1.1\bin\breakgen64.dll
0x00007ff849d20000 - 0x00007ff849d3a000 	C:\Program Files\Java\jdk1.8.0_201\jre\bin\net.dll
0x00007ff846d50000 - 0x00007ff846f18000 	C:\WINDOWS\SYSTEM32\urlmon.dll
0x00007ff845e10000 - 0x00007ff8460b6000 	C:\WINDOWS\SYSTEM32\iertutil.dll
0x00007ff84e380000 - 0x00007ff84e38b000 	C:\WINDOWS\SYSTEM32\CRYPTBASE.DLL
0x00007ff84e150000 - 0x00007ff84e1b6000 	C:\WINDOWS\system32\mswsock.dll
0x00007ff84df10000 - 0x00007ff84dfce000 	C:\WINDOWS\SYSTEM32\DNSAPI.dll
0x00007ff8523f0000 - 0x00007ff8523f8000 	C:\WINDOWS\System32\NSI.dll
0x00007ff84ded0000 - 0x00007ff84df08000 	C:\WINDOWS\SYSTEM32\IPHLPAPI.DLL
0x00007ff8471f0000 - 0x00007ff8471fa000 	C:\Windows\System32\rasadhlp.dll
0x00007ff847730000 - 0x00007ff8477a2000 	C:\WINDOWS\System32\fwpuclnt.dll
0x00007ff84e490000 - 0x00007ff84e4b5000 	C:\WINDOWS\SYSTEM32\bcrypt.dll
0x00007ff84a0e0000 - 0x00007ff84a0ed000 	C:\Program Files\Java\jdk1.8.0_201\jre\bin\management.dll
0x00007ff849920000 - 0x00007ff849931000 	C:\Program Files\Java\jdk1.8.0_201\jre\bin\nio.dll
0x00007ff84e360000 - 0x00007ff84e377000 	C:\WINDOWS\SYSTEM32\CRYPTSP.dll
0x00007ff84dd30000 - 0x00007ff84dd63000 	C:\WINDOWS\system32\rsaenh.dll
0x00007ff84e860000 - 0x00007ff84e888000 	C:\WINDOWS\SYSTEM32\USERENV.dll
0x00007ff848600000 - 0x00007ff848616000 	C:\WINDOWS\SYSTEM32\dhcpcsvc6.DLL
0x00007ff848900000 - 0x00007ff84891a000 	C:\WINDOWS\SYSTEM32\dhcpcsvc.DLL
0x00007ff82c600000 - 0x00007ff82c616000 	C:\WINDOWS\system32\napinsp.dll
0x00007ff82c5e0000 - 0x00007ff82c5fa000 	C:\WINDOWS\system32\pnrpnsp.dll
0x00007ff84b410000 - 0x00007ff84b429000 	C:\WINDOWS\system32\NLAapi.dll
0x00007ff82c350000 - 0x00007ff82c35e000 	C:\WINDOWS\System32\winrnr.dll
0x00007ff848fc0000 - 0x00007ff848fd5000 	C:\WINDOWS\System32\wshbth.dll

VM Arguments:
jvm_args: -XX:TieredStopAtLevel=1 -Xverify:none -Dspring.output.ansi.enabled=always -Dcom.sun.management.jmxremote -Dspring.jmx.enabled=true -Dspring.liveBeansView.mbeanDomain -Dspring.application.admin.enabled=true -javaagent:C:\Program Files\JetBrains\IntelliJ IDEA 2019.1.1\lib\idea_rt.jar=53748:C:\Program Files\JetBrains\IntelliJ IDEA 2019.1.1\bin -Dfile.encoding=UTF-8 
java_command: com.projectteamviewer.ProjectTeamViewer.ProjectTeamViewerApplication
java_class_path (initial): C:\Program Files\Java\jdk1.8.0_201\jre\lib\charsets.jar;C:\Program Files\Java\jdk1.8.0_201\jre\lib\deploy.jar;C:\Program Files\Java\jdk1.8.0_201\jre\lib\ext\access-bridge-64.jar;C:\Program Files\Java\jdk1.8.0_201\jre\lib\ext\cldrdata.jar;C:\Program Files\Java\jdk1.8.0_201\jre\lib\ext\dnsns.jar;C:\Program Files\Java\jdk1.8.0_201\jre\lib\ext\jaccess.jar;C:\Program Files\Java\jdk1.8.0_201\jre\lib\ext\jfxrt.jar;C:\Program Files\Java\jdk1.8.0_201\jre\lib\ext\localedata.jar;C:\Program Files\Java\jdk1.8.0_201\jre\lib\ext\nashorn.jar;C:\Program Files\Java\jdk1.8.0_201\jre\lib\ext\sunec.jar;C:\Program Files\Java\jdk1.8.0_201\jre\lib\ext\sunjce_provider.jar;C:\Program Files\Java\jdk1.8.0_201\jre\lib\ext\sunmscapi.jar;C:\Program Files\Java\jdk1.8.0_201\jre\lib\ext\sunpkcs11.jar;C:\Program Files\Java\jdk1.8.0_201\jre\lib\ext\zipfs.jar;C:\Program Files\Java\jdk1.8.0_201\jre\lib\javaws.jar;C:\Program Files\Java\jdk1.8.0_201\jre\lib\jce.jar;C:\Program Files\Java\jdk1.8.0_201\jre\lib\jfr.jar;C:\Program Files\Java\jdk1.8.0_201\jre\lib\jfxswt.jar;C:\Program Files\Java\jdk1.8.0_201\jre\lib\jsse.jar;C:\Program Files\Java\jdk1.8.0_201\jre\lib\management-agent.jar;C:\Program Files\Java\jdk1.8.0_201\jre\lib\plugin.jar;C:\Program Files\Java\jdk1.8.0_201\jre\lib\resources.jar;C:\Program Files\Java\jdk1.8.0_201\jre\lib\rt.jar;C:\Users\Zosia\Documents\ProjectTeamViewer\target\classes;C:\Users\Zosia\.m2\repository\org\springframework\boot\spring-boot-starter-data-jpa\2.1.4.RELEASE\spring-boot-starter-data-jpa-2.1.4.RELEASE.jar;C:\Users\Zosia\.m2\repository\org\springframework\boot\spring-boot-starter-aop\2.1.4.RELEASE\spring-boot-starter-aop-2.1.4.RELEASE.jar;C:\Users\Zosia\.m2\repository\org\springframework\spring-aop\5.1.6.RELEASE\spring-aop-5.1.6.RELEASE.jar;C:\Users\Zosia\.m2\repository\org\aspectj\aspectjweaver\1.9.2\aspectjweaver-1.9.2.jar;C:\Users\Zosia\.m2\repository\org\springframework\boot\spring-boot-starter-jdbc\2.1.4.RELEASE\spring-boot-starter-jdbc-2.
Launcher Type: SUN_STANDARD

Environment Variables:
USERNAME=Zosia
OS=Windows_NT
PROCESSOR_IDENTIFIER=Intel64 Family 6 Model 69 Stepping 1, GenuineIntel



---------------  S Y S T E M  ---------------

OS: Windows 10.0 , 64 bit Build 17134 (10.0.17134.706)

CPU:total 4 (initial active 4) (2 cores per cpu, 2 threads per core) family 6 model 69 stepping 1, cmov, cx8, fxsr, mmx, sse, sse2, sse3, ssse3, sse4.1, sse4.2, popcnt, avx, avx2, aes, clmul, erms, lzcnt, ht, tsc, tscinvbit, bmi1, bmi2

Memory: 4k page, physical 4083992k(589112k free), swap 7785256k(4836k free)

vm_info: Java HotSpot(TM) 64-Bit Server VM (25.201-b09) for windows-amd64 JRE (1.8.0_201-b09), built on Dec 15 2018 18:36:39 by "java_re" with MS VC++ 10.0 (VS2010)

time: Tue May 07 14:07:48 2019
timezone: Œrodkowoeuropejski czas letni
elapsed time: 16 seconds (0d 0h 0m 16s)

